<?xml version="1.0" encoding="UTF-8"?>
<!-- Generated by org.testng.reporters.JUnitReportReporter -->
<testsuite name="testing.publish.SampleTest" tests="1" time="79.754" ignored="0" failures="0" timestamp="01 Mar 2018 10:41:13 GMT" skipped="0" hostname="RETDAYV-7430080" errors="0">
  <testcase name="openApplication" time="79.754" classname="testing.publish.SampleTest"/>
</testsuite> <!-- testing.publish.SampleTest -->
